2019-01-26 11:44:02.7714 [DEBUG] Scene Fusion version 1.8.2-0
2019-01-26 11:44:02.7844 [INFO] Setting define symbol SCENE_FUSION
2019-01-26 11:44:13.7230 [DEBUG] Scene Fusion version 1.8.2-0
2019-01-26 11:45:14.4635 [DEBUG] Web request login error: Invalid credentials
2019-01-26 11:45:27.6132 [DEBUG] Web request login error: Invalid credentials
2019-01-26 11:45:41.2306 [DEBUG] Web request login error: Invalid credentials
2019-01-26 11:48:12.6431 [DEBUG] Scene Fusion version 1.8.2-0
2019-01-26 11:48:12.8150 [DEBUG] Play mode: True, sync in play mode: False
2019-01-26 11:49:08.5314 [DEBUG] Play mode: False
2019-01-26 11:49:24.3965 [DEBUG] Scene Fusion version 1.8.2-0
2019-01-26 11:49:24.5475 [DEBUG] Play mode: True, sync in play mode: False
2019-01-26 11:49:52.9749 [DEBUG] Play mode: False
2019-01-26 11:52:26.6566 [DEBUG] Connecting
2019-01-26 11:52:26.6846 [DEBUG] Connecting to room (89628:SceneFusion:SceneFusion) via TCP at roommanager-ec2-34-213-224-128.kinematicsoup.com:21312
2019-01-26 11:54:46.4691 [DEBUG] Sent D:/Projects/UnityProjects/Unity_2018.1.5f1/Ota/KSEditorLogs/SessionLogs/session.89628-636841003467436259.log
2019-01-26 11:59:52.7157 [DEBUG] Scene Fusion version 1.8.2-0
2019-01-26 12:17:29.1589 [DEBUG] Scene Fusion version 1.8.2-0
2019-01-26 12:28:41.6995 [DEBUG] Scene Fusion version 1.8.2-0
2019-01-26 12:32:55.7187 [DEBUG] Scene Fusion version 1.8.2-0
2019-01-26 12:44:31.7958 [DEBUG] Scene Fusion version 1.8.2-0
2019-01-26 12:44:31.9588 [DEBUG] Play mode: True, sync in play mode: False
2019-01-26 12:44:43.0433 [DEBUG] Play mode: False
2019-01-26 12:44:53.3174 [DEBUG] Scene Fusion version 1.8.2-0
2019-01-26 12:44:53.4393 [DEBUG] Play mode: True, sync in play mode: False
2019-01-26 12:45:08.4637 [DEBUG] Play mode: False
2019-01-26 12:45:23.0993 [DEBUG] Scene Fusion version 1.8.2-0
2019-01-26 12:45:27.3023 [DEBUG] Scene Fusion version 1.8.2-0
2019-01-26 12:47:08.2198 [DEBUG] Scene Fusion version 1.8.2-0
2019-01-26 12:47:08.3468 [DEBUG] Play mode: True, sync in play mode: False
2019-01-26 12:47:39.2096 [DEBUG] Play mode: False
2019-01-26 12:51:26.0810 [DEBUG] Scene Fusion version 1.8.2-0
2019-01-26 12:51:26.2469 [DEBUG] Play mode: True, sync in play mode: False
2019-01-26 12:51:38.7870 [DEBUG] Play mode: False
2019-01-26 12:51:44.3982 [DEBUG] Scene Fusion version 1.8.2-0
2019-01-26 12:51:44.5481 [DEBUG] Play mode: True, sync in play mode: False
2019-01-26 12:51:51.5752 [DEBUG] Play mode: False
2019-01-26 12:51:57.6406 [DEBUG] Scene Fusion version 1.8.2-0
2019-01-26 12:51:57.7795 [DEBUG] Play mode: True, sync in play mode: False
2019-01-26 12:53:04.4192 [DEBUG] Play mode: False
2019-01-26 12:59:00.6293 [DEBUG] Scene Fusion version 1.8.2-0
2019-01-26 12:59:00.7722 [DEBUG] Play mode: True, sync in play mode: False
2019-01-26 12:59:18.9138 [DEBUG] Play mode: False
2019-01-26 13:09:21.9120 [DEBUG] Scene Fusion version 1.8.2-0
2019-01-26 13:09:46.7685 [DEBUG] Scene Fusion version 1.8.2-0
2019-01-26 13:10:00.0975 [DEBUG] Scene Fusion version 1.8.2-0
2019-01-26 13:10:11.0601 [DEBUG] Scene Fusion version 1.8.2-0
2019-01-26 13:10:11.1840 [DEBUG] Play mode: True, sync in play mode: False
2019-01-26 13:10:20.3760 [DEBUG] Play mode: False
2019-01-26 13:10:38.3946 [DEBUG] Scene Fusion version 1.8.2-0
2019-01-26 13:10:38.5345 [DEBUG] Play mode: True, sync in play mode: False
2019-01-26 13:10:44.4994 [DEBUG] Play mode: False
2019-01-26 13:10:50.6800 [DEBUG] Scene Fusion version 1.8.2-0
2019-01-26 13:10:50.8309 [DEBUG] Play mode: True, sync in play mode: False
2019-01-26 13:10:57.1726 [DEBUG] Play mode: False
2019-01-26 13:12:58.4178 [DEBUG] Scene Fusion version 1.8.2-0
2019-01-26 13:12:58.5468 [DEBUG] Play mode: True, sync in play mode: False
2019-01-26 13:13:11.1379 [DEBUG] Play mode: False
2019-01-26 13:13:37.5848 [DEBUG] Scene Fusion version 1.8.2-0
2019-01-26 13:14:22.2334 [DEBUG] Scene Fusion version 1.8.2-0
2019-01-26 13:14:59.0517 [DEBUG] Scene Fusion version 1.8.2-0
2019-01-26 13:14:59.1986 [DEBUG] Play mode: True, sync in play mode: False
2019-01-26 13:15:04.5207 [DEBUG] Play mode: False
2019-01-26 13:15:34.8319 [DEBUG] Scene Fusion version 1.8.2-0
2019-01-26 13:16:28.5687 [ERROR] NullReferenceException: Object reference not set to an instance of an object
UnityEditor.GameObjectInspector.ClearPreviewCache () (at C:/buildslave/unity/build/Editor/Mono/Inspector/GameObjectInspector.cs:195)
UnityEditor.GameObjectInspector.OnDisable () (at C:/buildslave/unity/build/Editor/Mono/Inspector/GameObjectInspector.cs:189)
UnityEngine.Object:DestroyImmediate(Object)
KS.SceneFusion.Client.Editor.OverrideEditor:OnDisable()
KS.SceneFusion.Client.Editor.GameObjectEditor:OnDisable()

2019-01-26 13:16:31.0264 [DEBUG] Scene Fusion version 1.8.2-0
2019-01-26 13:16:54.2187 [ERROR] NullReferenceException: Object reference not set to an instance of an object
UnityEditor.GameObjectInspector.ClearPreviewCache () (at C:/buildslave/unity/build/Editor/Mono/Inspector/GameObjectInspector.cs:195)
UnityEditor.GameObjectInspector.OnDisable () (at C:/buildslave/unity/build/Editor/Mono/Inspector/GameObjectInspector.cs:189)
UnityEngine.Object:DestroyImmediate(Object)
KS.SceneFusion.Client.Editor.OverrideEditor:OnDisable()
KS.SceneFusion.Client.Editor.GameObjectEditor:OnDisable()

2019-01-26 13:16:56.9294 [DEBUG] Scene Fusion version 1.8.2-0
2019-01-26 13:16:57.0753 [DEBUG] Play mode: True, sync in play mode: False
2019-01-26 13:17:02.8899 [DEBUG] Play mode: False
2019-01-26 13:18:34.0029 [DEBUG] Scene Fusion version 1.8.2-0
2019-01-26 13:18:34.1498 [DEBUG] Play mode: True, sync in play mode: False
2019-01-26 13:18:42.9981 [DEBUG] Play mode: False
2019-01-26 13:19:08.6740 [DEBUG] Scene Fusion version 1.8.2-0
2019-01-26 13:19:15.2814 [DEBUG] Scene Fusion version 1.8.2-0
2019-01-26 13:19:15.4210 [DEBUG] Play mode: True, sync in play mode: False
2019-01-26 13:21:46.7349 [DEBUG] Play mode: False
2019-01-26 13:36:59.5778 [DEBUG] Scene Fusion version 1.8.2-0
2019-01-26 13:37:30.1820 [DEBUG] Scene Fusion version 1.8.2-0
2019-01-26 13:40:12.6625 [ERROR] NullReferenceException: Object reference not set to an instance of an object
UnityEditor.GameObjectInspector.ClearPreviewCache () (at C:/buildslave/unity/build/Editor/Mono/Inspector/GameObjectInspector.cs:195)
UnityEditor.GameObjectInspector.OnDisable () (at C:/buildslave/unity/build/Editor/Mono/Inspector/GameObjectInspector.cs:189)
UnityEngine.Object:DestroyImmediate(Object)
KS.SceneFusion.Client.Editor.OverrideEditor:OnDisable()
KS.SceneFusion.Client.Editor.GameObjectEditor:OnDisable()

2019-01-26 13:40:15.1496 [DEBUG] Scene Fusion version 1.8.2-0
2019-01-26 13:41:45.1313 [ERROR] NullReferenceException: Object reference not set to an instance of an object
UnityEditor.GameObjectInspector.ClearPreviewCache () (at C:/buildslave/unity/build/Editor/Mono/Inspector/GameObjectInspector.cs:195)
UnityEditor.GameObjectInspector.OnDisable () (at C:/buildslave/unity/build/Editor/Mono/Inspector/GameObjectInspector.cs:189)
UnityEngine.Object:DestroyImmediate(Object)
KS.SceneFusion.Client.Editor.OverrideEditor:OnDisable()
KS.SceneFusion.Client.Editor.GameObjectEditor:OnDisable()

2019-01-26 13:41:47.6043 [DEBUG] Scene Fusion version 1.8.2-0
2019-01-26 13:42:32.2277 [DEBUG] Scene Fusion version 1.8.2-0
2019-01-26 13:43:17.9045 [DEBUG] Scene Fusion version 1.8.2-0
2019-01-26 13:43:35.0477 [DEBUG] Scene Fusion version 1.8.2-0
2019-01-26 13:44:06.5035 [DEBUG] Scene Fusion version 1.8.2-0
2019-01-26 13:44:51.8579 [DEBUG] Scene Fusion version 1.8.2-0
2019-01-26 13:46:22.9418 [DEBUG] Scene Fusion version 1.8.2-0
2019-01-26 13:48:14.8061 [DEBUG] Scene Fusion version 1.8.2-0
2019-01-26 13:48:45.2620 [ERROR] NullReferenceException: Object reference not set to an instance of an object
UnityEditor.GameObjectInspector.ClearPreviewCache () (at C:/buildslave/unity/build/Editor/Mono/Inspector/GameObjectInspector.cs:195)
UnityEditor.GameObjectInspector.OnDisable () (at C:/buildslave/unity/build/Editor/Mono/Inspector/GameObjectInspector.cs:189)
UnityEngine.Object:DestroyImmediate(Object)
KS.SceneFusion.Client.Editor.OverrideEditor:OnDisable()
KS.SceneFusion.Client.Editor.GameObjectEditor:OnDisable()

2019-01-26 13:48:47.7886 [DEBUG] Scene Fusion version 1.8.2-0
2019-01-26 13:51:25.6320 [DEBUG] Scene Fusion version 1.8.2-0
2019-01-26 13:52:15.3820 [DEBUG] Scene Fusion version 1.8.2-0
2019-01-26 13:52:33.0645 [ERROR] NullReferenceException: Object reference not set to an instance of an object
UnityEditor.GameObjectInspector.ClearPreviewCache () (at C:/buildslave/unity/build/Editor/Mono/Inspector/GameObjectInspector.cs:195)
UnityEditor.GameObjectInspector.OnDisable () (at C:/buildslave/unity/build/Editor/Mono/Inspector/GameObjectInspector.cs:189)
UnityEngine.Object:DestroyImmediate(Object)
KS.SceneFusion.Client.Editor.OverrideEditor:OnDisable()
KS.SceneFusion.Client.Editor.GameObjectEditor:OnDisable()

2019-01-26 13:52:35.5357 [DEBUG] Scene Fusion version 1.8.2-0
2019-01-26 13:54:37.1398 [DEBUG] Scene Fusion version 1.8.2-0
2019-01-26 13:54:44.3588 [DEBUG] Scene Fusion version 1.8.2-0
2019-01-26 13:58:29.5788 [DEBUG] Scene Fusion version 1.8.2-0
2019-01-26 14:00:48.9790 [DEBUG] Scene Fusion version 1.8.2-0
2019-01-26 14:00:49.1339 [DEBUG] Play mode: True, sync in play mode: False
2019-01-26 14:07:26.9280 [DEBUG] Play mode: False
2019-01-26 14:36:45.9733 [DEBUG] Scene Fusion version 1.8.2-0
2019-01-26 14:36:46.1282 [DEBUG] Play mode: True, sync in play mode: False
2019-01-26 14:36:49.2054 [DEBUG] Play mode: False
2019-01-26 14:37:24.9929 [DEBUG] Scene Fusion version 1.8.2-0
2019-01-26 14:37:25.1378 [DEBUG] Play mode: True, sync in play mode: False
2019-01-26 14:37:33.4285 [DEBUG] Play mode: False
2019-01-26 14:37:54.7574 [DEBUG] Scene Fusion version 1.8.2-0
2019-01-26 14:37:54.9143 [DEBUG] Play mode: True, sync in play mode: False
2019-01-26 14:37:59.8615 [DEBUG] Play mode: False
2019-01-26 14:38:07.8192 [DEBUG] Scene Fusion version 1.8.2-0
2019-01-26 14:38:07.9571 [DEBUG] Play mode: True, sync in play mode: False
2019-01-26 14:38:13.5160 [DEBUG] Play mode: False
2019-01-26 14:38:21.7565 [DEBUG] Scene Fusion version 1.8.2-0
2019-01-26 14:38:21.9074 [DEBUG] Play mode: True, sync in play mode: False
2019-01-26 14:38:37.0250 [DEBUG] Play mode: False
2019-01-26 14:39:02.9643 [DEBUG] Scene Fusion version 1.8.2-0
2019-01-26 14:39:03.1112 [DEBUG] Play mode: True, sync in play mode: False
2019-01-26 14:39:34.9454 [DEBUG] Play mode: False
2019-01-26 14:43:01.6576 [DEBUG] Scene Fusion version 1.8.2-0
2019-01-26 14:47:01.0454 [DEBUG] Scene Fusion version 1.8.2-0
2019-01-26 14:47:01.1963 [DEBUG] Play mode: True, sync in play mode: False
2019-01-26 14:47:05.7939 [ERROR] MissingComponentException: There is no 'Rigidbody' attached to the "Cube (7)" game object, but a script is trying to access it.
You probably need to add a Rigidbody to the game object "Cube (7)". Or your script needs to check if the component is attached before using it.
UnityEngine.Rigidbody.get_velocity () <0x3c164380 + 0x0006a> in <31353b3f2d2e434595cbfe07fbec4072>:0
CameraFollow.FixedUpdate () (at Assets/Scripts/CameraFollow.cs:42)

2019-01-26 14:47:05.8209 [ERROR] MissingComponentException: There is no 'Rigidbody' attached to the "Cube (7)" game object, but a script is trying to access it.
You probably need to add a Rigidbody to the game object "Cube (7)". Or your script needs to check if the component is attached before using it.
UnityEngine.Rigidbody.get_velocity () <0x3c164380 + 0x0006a> in <31353b3f2d2e434595cbfe07fbec4072>:0
CameraFollow.FixedUpdate () (at Assets/Scripts/CameraFollow.cs:42)

2019-01-26 14:47:05.8369 [ERROR] MissingComponentException: There is no 'Rigidbody' attached to the "Cube (7)" game object, but a script is trying to access it.
You probably need to add a Rigidbody to the game object "Cube (7)". Or your script needs to check if the component is attached before using it.
UnityEngine.Rigidbody.get_velocity () <0x3c164380 + 0x0006a> in <31353b3f2d2e434595cbfe07fbec4072>:0
CameraFollow.FixedUpdate () (at Assets/Scripts/CameraFollow.cs:42)

2019-01-26 14:47:05.8619 [ERROR] MissingComponentException: There is no 'Rigidbody' attached to the "Cube (7)" game object, but a script is trying to access it.
You probably need to add a Rigidbody to the game object "Cube (7)". Or your script needs to check if the component is attached before using it.
UnityEngine.Rigidbody.get_velocity () <0x3c164380 + 0x0006a> in <31353b3f2d2e434595cbfe07fbec4072>:0
CameraFollow.FixedUpdate () (at Assets/Scripts/CameraFollow.cs:42)

2019-01-26 14:47:05.8709 [ERROR] MissingComponentException: There is no 'Rigidbody' attached to the "Cube (7)" game object, but a script is trying to access it.
You probably need to add a Rigidbody to the game object "Cube (7)". Or your script needs to check if the component is attached before using it.
UnityEngine.Rigidbody.get_velocity () <0x3c164380 + 0x0006a> in <31353b3f2d2e434595cbfe07fbec4072>:0
CameraFollow.FixedUpdate () (at Assets/Scripts/CameraFollow.cs:42)

2019-01-26 14:47:05.8879 [ERROR] MissingComponentException: There is no 'Rigidbody' attached to the "Cube (7)" game object, but a script is trying to access it.
You probably need to add a Rigidbody to the game object "Cube (7)". Or your script needs to check if the component is attached before using it.
UnityEngine.Rigidbody.get_velocity () <0x3c164380 + 0x0006a> in <31353b3f2d2e434595cbfe07fbec4072>:0
CameraFollow.FixedUpdate () (at Assets/Scripts/CameraFollow.cs:42)

2019-01-26 14:47:05.9208 [ERROR] MissingComponentException: There is no 'Rigidbody' attached to the "Cube (7)" game object, but a script is trying to access it.
You probably need to add a Rigidbody to the game object "Cube (7)". Or your script needs to check if the component is attached before using it.
UnityEngine.Rigidbody.get_velocity () <0x3c164380 + 0x0006a> in <31353b3f2d2e434595cbfe07fbec4072>:0
CameraFollow.FixedUpdate () (at Assets/Scripts/CameraFollow.cs:42)

2019-01-26 14:47:05.9369 [ERROR] MissingComponentException: There is no 'Rigidbody' attached to the "Cube (7)" game object, but a script is trying to access it.
You probably need to add a Rigidbody to the game object "Cube (7)". Or your script needs to check if the component is attached before using it.
UnityEngine.Rigidbody.get_velocity () <0x3c164380 + 0x0006a> in <31353b3f2d2e434595cbfe07fbec4072>:0
CameraFollow.FixedUpdate () (at Assets/Scripts/CameraFollow.cs:42)

2019-01-26 14:47:05.9538 [ERROR] MissingComponentException: There is no 'Rigidbody' attached to the "Cube (7)" game object, but a script is trying to access it.
You probably need to add a Rigidbody to the game object "Cube (7)". Or your script needs to check if the component is attached before using it.
UnityEngine.Rigidbody.get_velocity () <0x3c164380 + 0x0006a> in <31353b3f2d2e434595cbfe07fbec4072>:0
CameraFollow.FixedUpdate () (at Assets/Scripts/CameraFollow.cs:42)

2019-01-26 14:47:05.9708 [ERROR] MissingComponentException: There is no 'Rigidbody' attached to the "Cube (7)" game object, but a script is trying to access it.
You probably need to add a Rigidbody to the game object "Cube (7)". Or your script needs to check if the component is attached before using it.
UnityEngine.Rigidbody.get_velocity () <0x3c164380 + 0x0006a> in <31353b3f2d2e434595cbfe07fbec4072>:0
CameraFollow.FixedUpdate () (at Assets/Scripts/CameraFollow.cs:42)

2019-01-26 14:47:05.9878 [ERROR] MissingComponentException: There is no 'Rigidbody' attached to the "Cube (7)" game object, but a script is trying to access it.
You probably need to add a Rigidbody to the game object "Cube (7)". Or your script needs to check if the component is attached before using it.
UnityEngine.Rigidbody.get_velocity () <0x3c164380 + 0x0006a> in <31353b3f2d2e434595cbfe07fbec4072>:0
CameraFollow.FixedUpdate () (at Assets/Scripts/CameraFollow.cs:42)

2019-01-26 14:47:06.0198 [ERROR] MissingComponentException: There is no 'Rigidbody' attached to the "Cube (7)" game object, but a script is trying to access it.
You probably need to add a Rigidbody to the game object "Cube (7)". Or your script needs to check if the component is attached before using it.
UnityEngine.Rigidbody.get_velocity () <0x3c164380 + 0x0006a> in <31353b3f2d2e434595cbfe07fbec4072>:0
CameraFollow.FixedUpdate () (at Assets/Scripts/CameraFollow.cs:42)

2019-01-26 14:47:06.0368 [ERROR] MissingComponentException: There is no 'Rigidbody' attached to the "Cube (7)" game object, but a script is trying to access it.
You probably need to add a Rigidbody to the game object "Cube (7)". Or your script needs to check if the component is attached before using it.
UnityEngine.Rigidbody.get_velocity () <0x3c164380 + 0x0006a> in <31353b3f2d2e434595cbfe07fbec4072>:0
CameraFollow.FixedUpdate () (at Assets/Scripts/CameraFollow.cs:42)

2019-01-26 14:47:06.0538 [ERROR] MissingComponentException: There is no 'Rigidbody' attached to the "Cube (7)" game object, but a script is trying to access it.
You probably need to add a Rigidbody to the game object "Cube (7)". Or your script needs to check if the component is attached before using it.
UnityEngine.Rigidbody.get_velocity () <0x3c164380 + 0x0006a> in <31353b3f2d2e434595cbfe07fbec4072>:0
CameraFollow.FixedUpdate () (at Assets/Scripts/CameraFollow.cs:42)

2019-01-26 14:47:06.0708 [ERROR] MissingComponentException: There is no 'Rigidbody' attached to the "Cube (7)" game object, but a script is trying to access it.
You probably need to add a Rigidbody to the game object "Cube (7)". Or your script needs to check if the component is attached before using it.
UnityEngine.Rigidbody.get_velocity () <0x3c164380 + 0x0006a> in <31353b3f2d2e434595cbfe07fbec4072>:0
CameraFollow.FixedUpdate () (at Assets/Scripts/CameraFollow.cs:42)

2019-01-26 14:47:06.0868 [ERROR] MissingComponentException: There is no 'Rigidbody' attached to the "Cube (7)" game object, but a script is trying to access it.
You probably need to add a Rigidbody to the game object "Cube (7)". Or your script needs to check if the component is attached before using it.
UnityEngine.Rigidbody.get_velocity () <0x3c164380 + 0x0006a> in <31353b3f2d2e434595cbfe07fbec4072>:0
CameraFollow.FixedUpdate () (at Assets/Scripts/CameraFollow.cs:42)

2019-01-26 14:47:06.1197 [ERROR] MissingComponentException: There is no 'Rigidbody' attached to the "Cube (7)" game object, but a script is trying to access it.
You probably need to add a Rigidbody to the game object "Cube (7)". Or your script needs to check if the component is attached before using it.
UnityEngine.Rigidbody.get_velocity () <0x3c164380 + 0x0006a> in <31353b3f2d2e434595cbfe07fbec4072>:0
CameraFollow.FixedUpdate () (at Assets/Scripts/CameraFollow.cs:42)

2019-01-26 14:47:06.1367 [ERROR] MissingComponentException: There is no 'Rigidbody' attached to the "Cube (7)" game object, but a script is trying to access it.
You probably need to add a Rigidbody to the game object "Cube (7)". Or your script needs to check if the component is attached before using it.
UnityEngine.Rigidbody.get_velocity () <0x3c164380 + 0x0006a> in <31353b3f2d2e434595cbfe07fbec4072>:0
CameraFollow.FixedUpdate () (at Assets/Scripts/CameraFollow.cs:42)

2019-01-26 14:47:06.1537 [ERROR] MissingComponentException: There is no 'Rigidbody' attached to the "Cube (7)" game object, but a script is trying to access it.
You probably need to add a Rigidbody to the game object "Cube (7)". Or your script needs to check if the component is attached before using it.
UnityEngine.Rigidbody.get_velocity () <0x3c164380 + 0x0006a> in <31353b3f2d2e434595cbfe07fbec4072>:0
CameraFollow.FixedUpdate () (at Assets/Scripts/CameraFollow.cs:42)

2019-01-26 14:47:06.1697 [ERROR] MissingComponentException: There is no 'Rigidbody' attached to the "Cube (7)" game object, but a script is trying to access it.
You probably need to add a Rigidbody to the game object "Cube (7)". Or your script needs to check if the component is attached before using it.
UnityEngine.Rigidbody.get_velocity () <0x3c164380 + 0x0006a> in <31353b3f2d2e434595cbfe07fbec4072>:0
CameraFollow.FixedUpdate () (at Assets/Scripts/CameraFollow.cs:42)

2019-01-26 14:47:06.1877 [ERROR] MissingComponentException: There is no 'Rigidbody' attached to the "Cube (7)" game object, but a script is trying to access it.
You probably need to add a Rigidbody to the game object "Cube (7)". Or your script needs to check if the component is attached before using it.
UnityEngine.Rigidbody.get_velocity () <0x3c164380 + 0x0006a> in <31353b3f2d2e434595cbfe07fbec4072>:0
CameraFollow.FixedUpdate () (at Assets/Scripts/CameraFollow.cs:42)

2019-01-26 14:47:06.2197 [ERROR] MissingComponentException: There is no 'Rigidbody' attached to the "Cube (7)" game object, but a script is trying to access it.
You probably need to add a Rigidbody to the game object "Cube (7)". Or your script needs to check if the component is attached before using it.
UnityEngine.Rigidbody.get_velocity () <0x3c164380 + 0x0006a> in <31353b3f2d2e434595cbfe07fbec4072>:0
CameraFollow.FixedUpdate () (at Assets/Scripts/CameraFollow.cs:42)

2019-01-26 14:47:07.4310 [DEBUG] Play mode: False
2019-01-26 14:48:04.7365 [DEBUG] Scene Fusion version 1.8.2-0
2019-01-26 14:48:04.8784 [DEBUG] Play mode: True, sync in play mode: False
2019-01-26 14:48:10.4435 [DEBUG] Play mode: False
2019-01-26 14:48:29.4361 [DEBUG] Scene Fusion version 1.8.2-0
2019-01-26 14:48:29.5940 [DEBUG] Play mode: True, sync in play mode: False
2019-01-26 14:48:43.4788 [DEBUG] Play mode: False
2019-01-26 14:48:53.3406 [DEBUG] Scene Fusion version 1.8.2-0
2019-01-26 14:48:53.4885 [DEBUG] Play mode: True, sync in play mode: False
2019-01-26 14:49:01.3783 [DEBUG] Play mode: False
2019-01-26 14:49:13.8513 [DEBUG] Scene Fusion version 1.8.2-0
2019-01-26 14:49:17.9046 [DEBUG] Scene Fusion version 1.8.2-0
2019-01-26 14:49:18.0665 [DEBUG] Play mode: True, sync in play mode: False
2019-01-26 14:49:56.3809 [DEBUG] Scene Fusion version 1.8.2-0
2019-01-26 14:49:57.3514 [DEBUG] Play mode: False
2019-01-26 14:50:00.3556 [DEBUG] Scene Fusion version 1.8.2-0
2019-01-26 14:50:00.5145 [DEBUG] Play mode: True, sync in play mode: False
2019-01-26 14:50:18.0221 [DEBUG] Play mode: False
2019-01-26 14:50:25.3985 [DEBUG] Scene Fusion version 1.8.2-0
2019-01-26 14:50:25.5644 [DEBUG] Play mode: True, sync in play mode: False
2019-01-26 14:50:34.4822 [DEBUG] Play mode: False
2019-01-26 14:50:49.6623 [DEBUG] Scene Fusion version 1.8.2-0
2019-01-26 14:50:49.8242 [DEBUG] Play mode: True, sync in play mode: False
2019-01-26 14:50:53.3063 [DEBUG] Play mode: False
2019-01-26 14:51:18.2202 [DEBUG] Scene Fusion version 1.8.2-0
2019-01-26 14:51:18.3881 [DEBUG] Play mode: True, sync in play mode: False
2019-01-26 14:51:29.9250 [DEBUG] Play mode: False
2019-01-26 15:12:17.0791 [DEBUG] Scene Fusion version 1.8.2-0
2019-01-26 15:12:17.2570 [DEBUG] Play mode: True, sync in play mode: False
2019-01-26 15:12:37.2948 [DEBUG] Play mode: False
2019-01-26 15:12:50.7731 [DEBUG] Scene Fusion version 1.8.2-0
2019-01-26 15:12:50.9300 [DEBUG] Play mode: True, sync in play mode: False
2019-01-26 15:13:03.4313 [DEBUG] Play mode: False
2019-01-26 15:14:08.9352 [DEBUG] Scene Fusion version 1.8.2-0
2019-01-26 15:15:07.7355 [DEBUG] Scene Fusion version 1.8.2-0
2019-01-26 15:15:11.0517 [DEBUG] Scene Fusion version 1.8.2-0
2019-01-26 15:15:11.2046 [DEBUG] Play mode: True, sync in play mode: False
2019-01-26 15:15:36.0728 [DEBUG] Play mode: False
2019-01-26 15:16:16.8254 [DEBUG] Scene Fusion version 1.8.2-0
2019-01-26 15:16:16.9737 [DEBUG] Play mode: True, sync in play mode: False
2019-01-26 15:16:27.5789 [DEBUG] Play mode: False
2019-01-26 15:16:51.1269 [DEBUG] Scene Fusion version 1.8.2-0
2019-01-26 15:16:51.2798 [DEBUG] Play mode: True, sync in play mode: False
2019-01-26 15:16:56.1579 [DEBUG] Play mode: False
2019-01-26 15:17:04.8990 [DEBUG] Scene Fusion version 1.8.2-0
2019-01-26 15:17:05.0450 [DEBUG] Play mode: True, sync in play mode: False
2019-01-26 15:18:35.2334 [DEBUG] Play mode: False
2019-01-26 15:18:38.8394 [DEBUG] Scene Fusion version 1.8.2-0
2019-01-26 15:18:39.0023 [DEBUG] Play mode: True, sync in play mode: False
2019-01-26 15:18:46.3611 [DEBUG] Play mode: False
2019-01-26 15:19:08.2814 [DEBUG] Scene Fusion version 1.8.2-0
2019-01-26 15:19:08.4493 [DEBUG] Play mode: True, sync in play mode: False
2019-01-26 15:19:23.9037 [DEBUG] Play mode: False
2019-01-26 15:19:49.7413 [DEBUG] Scene Fusion version 1.8.2-0
2019-01-26 15:19:49.9052 [DEBUG] Play mode: True, sync in play mode: False
2019-01-26 15:20:01.8942 [DEBUG] Play mode: False
2019-01-26 15:20:37.8170 [DEBUG] Scene Fusion version 1.8.2-0
2019-01-26 15:20:38.0049 [DEBUG] Play mode: True, sync in play mode: False
2019-01-26 15:20:53.3083 [DEBUG] Play mode: False
2019-01-26 15:21:08.9997 [DEBUG] Scene Fusion version 1.8.2-0
2019-01-26 15:21:09.1536 [DEBUG] Play mode: True, sync in play mode: False
2019-01-26 15:21:22.1818 [DEBUG] Play mode: False
2019-01-26 15:21:36.0278 [DEBUG] Scene Fusion version 1.8.2-0
2019-01-26 15:21:36.1847 [DEBUG] Play mode: True, sync in play mode: False
2019-01-26 15:23:28.0304 [DEBUG] Play mode: False
2019-01-26 15:23:49.9937 [DEBUG] Scene Fusion version 1.8.2-0
2019-01-26 15:23:50.1396 [DEBUG] Play mode: True, sync in play mode: False
2019-01-26 15:24:47.2912 [DEBUG] Play mode: False
2019-01-26 15:45:45.2480 [DEBUG] Scene Fusion version 1.8.2-0
2019-01-26 15:45:45.3979 [DEBUG] Play mode: True, sync in play mode: False
2019-01-26 15:46:27.0803 [DEBUG] Play mode: False
2019-01-26 15:46:37.4991 [DEBUG] Scene Fusion version 1.8.2-0
2019-01-26 15:46:37.6471 [DEBUG] Play mode: True, sync in play mode: False
2019-01-26 15:47:11.4490 [DEBUG] Play mode: False
2019-01-26 15:47:27.4072 [DEBUG] Scene Fusion version 1.8.2-0
2019-01-26 15:47:27.5661 [DEBUG] Play mode: True, sync in play mode: False
2019-01-26 16:00:43.4984 [DEBUG] Play mode: False
2019-01-26 16:02:23.3442 [DEBUG] Scene Fusion version 1.8.2-0
2019-01-26 16:02:23.4891 [DEBUG] Play mode: True, sync in play mode: False
2019-01-26 16:02:25.6529 [DEBUG] Play mode: False
2019-01-26 16:02:32.4213 [DEBUG] Scene Fusion version 1.8.2-0
2019-01-26 16:02:32.5742 [DEBUG] Play mode: True, sync in play mode: False
2019-01-26 16:03:21.0538 [DEBUG] Play mode: False
2019-01-26 16:16:28.7314 [DEBUG] Scene Fusion version 1.8.2-0
2019-01-26 16:16:28.8873 [DEBUG] Play mode: True, sync in play mode: False
2019-01-26 16:16:34.2613 [DEBUG] Play mode: False
2019-01-26 16:17:44.1803 [DEBUG] Scene Fusion version 1.8.2-0
2019-01-26 16:17:44.3282 [DEBUG] Play mode: True, sync in play mode: False
2019-01-26 16:17:55.0092 [DEBUG] Play mode: False
2019-01-26 16:20:58.0396 [DEBUG] Scene Fusion version 1.8.2-0
2019-01-26 16:20:58.1795 [DEBUG] Play mode: True, sync in play mode: False
2019-01-26 16:21:04.9054 [DEBUG] Play mode: False
2019-01-26 16:21:30.9306 [DEBUG] Scene Fusion version 1.8.2-0
2019-01-26 16:21:31.0659 [DEBUG] Play mode: True, sync in play mode: False
2019-01-26 16:21:32.6540 [DEBUG] Play mode: False
2019-01-26 16:21:41.4819 [DEBUG] Scene Fusion version 1.8.2-0
2019-01-26 16:21:41.6438 [DEBUG] Play mode: True, sync in play mode: False
2019-01-26 16:21:53.0878 [DEBUG] Play mode: False
2019-01-26 16:25:05.0241 [DEBUG] Scene Fusion version 1.8.2-0
2019-01-26 16:25:05.1670 [DEBUG] Play mode: True, sync in play mode: False
2019-01-26 16:25:17.5832 [DEBUG] Play mode: False
2019-01-26 16:26:20.3577 [DEBUG] Scene Fusion version 1.8.2-0
2019-01-26 16:26:20.5206 [DEBUG] Play mode: True, sync in play mode: False
2019-01-26 16:26:22.3251 [DEBUG] Play mode: False
2019-01-26 16:34:45.4373 [DEBUG] Scene Fusion version 1.8.2-0
2019-01-26 16:34:45.6082 [DEBUG] Play mode: True, sync in play mode: False
2019-01-26 16:34:49.7811 [DEBUG] Play mode: False
2019-01-26 16:34:57.4623 [DEBUG] Scene Fusion version 1.8.2-0
2019-01-26 16:34:57.6252 [DEBUG] Play mode: True, sync in play mode: False
2019-01-26 16:35:20.4921 [DEBUG] Play mode: False
2019-01-26 16:35:27.9666 [DEBUG] Scene Fusion version 1.8.2-0
2019-01-26 16:35:28.1235 [DEBUG] Play mode: True, sync in play mode: False
2019-01-26 16:35:30.0567 [DEBUG] Play mode: False
2019-01-26 16:36:36.5805 [DEBUG] Scene Fusion version 1.8.2-0
2019-01-26 16:36:36.7394 [DEBUG] Play mode: True, sync in play mode: False
2019-01-26 16:36:46.8785 [DEBUG] Play mode: False
2019-01-26 16:38:20.8970 [DEBUG] Scene Fusion version 1.8.2-0
2019-01-26 16:38:21.0679 [DEBUG] Play mode: True, sync in play mode: False
2019-01-26 16:38:41.7919 [DEBUG] Play mode: False
2019-01-26 16:41:16.3660 [DEBUG] Scene Fusion version 1.8.2-0
2019-01-26 16:41:16.5270 [DEBUG] Play mode: True, sync in play mode: False
2019-01-26 16:41:18.5699 [DEBUG] Play mode: False
2019-01-26 16:41:31.7617 [DEBUG] Scene Fusion version 1.8.2-0
2019-01-26 16:41:31.9236 [DEBUG] Play mode: True, sync in play mode: False
2019-01-26 16:41:34.7010 [DEBUG] Play mode: False
2019-01-26 16:42:05.4206 [DEBUG] Scene Fusion version 1.8.2-0
2019-01-26 16:42:05.5805 [DEBUG] Play mode: True, sync in play mode: False
2019-01-26 16:42:10.9415 [DEBUG] Play mode: False
2019-01-26 16:42:33.1912 [DEBUG] Scene Fusion version 1.8.2-0
2019-01-26 16:42:33.3581 [DEBUG] Play mode: True, sync in play mode: False
2019-01-26 16:42:34.8118 [DEBUG] Play mode: False
2019-01-26 16:48:18.1817 [DEBUG] Scene Fusion version 1.8.2-0
2019-01-26 16:48:30.2984 [DEBUG] Scene Fusion version 1.8.2-0
2019-01-26 16:54:10.7367 [DEBUG] Scene Fusion version 1.8.2-0
2019-01-26 16:57:07.9322 [ERROR] NullReferenceException: Object reference not set to an instance of an object
UnityEditor.GameObjectInspector.ClearPreviewCache () (at C:/buildslave/unity/build/Editor/Mono/Inspector/GameObjectInspector.cs:195)
UnityEditor.GameObjectInspector.OnDisable () (at C:/buildslave/unity/build/Editor/Mono/Inspector/GameObjectInspector.cs:189)
UnityEngine.Object:DestroyImmediate(Object)
KS.SceneFusion.Client.Editor.OverrideEditor:OnDisable()
KS.SceneFusion.Client.Editor.GameObjectEditor:OnDisable()

2019-01-26 16:57:10.6073 [DEBUG] Scene Fusion version 1.8.2-0
2019-01-26 16:58:26.2142 [ERROR] NullReferenceException: Object reference not set to an instance of an object
UnityEditor.GameObjectInspector.ClearPreviewCache () (at C:/buildslave/unity/build/Editor/Mono/Inspector/GameObjectInspector.cs:195)
UnityEditor.GameObjectInspector.OnDisable () (at C:/buildslave/unity/build/Editor/Mono/Inspector/GameObjectInspector.cs:189)
UnityEngine.Object:DestroyImmediate(Object)
KS.SceneFusion.Client.Editor.OverrideEditor:OnDisable()
KS.SceneFusion.Client.Editor.GameObjectEditor:OnDisable()

2019-01-26 16:58:29.7161 [DEBUG] Scene Fusion version 1.8.2-0
2019-01-26 16:58:29.8650 [DEBUG] Play mode: True, sync in play mode: False
2019-01-26 16:58:30.9544 [ERROR] IndexOutOfRangeException: Index was outside the bounds of the array.
InteractableObject.OnTriggerEnter (UnityEngine.Collider collider) (at Assets/Scripts/InteractableObject.cs:24)

2019-01-26 16:58:33.5380 [ERROR] IndexOutOfRangeException: Index was outside the bounds of the array.
InteractableObject.OnTriggerExit (UnityEngine.Collider collider) (at Assets/Scripts/InteractableObject.cs:44)

2019-01-26 16:58:35.1051 [ERROR] IndexOutOfRangeException: Index was outside the bounds of the array.
InteractableObject.OnTriggerEnter (UnityEngine.Collider collider) (at Assets/Scripts/InteractableObject.cs:24)

2019-01-26 16:58:37.8055 [ERROR] IndexOutOfRangeException: Index was outside the bounds of the array.
InteractableObject.OnTriggerExit (UnityEngine.Collider collider) (at Assets/Scripts/InteractableObject.cs:44)

2019-01-26 16:58:39.5745 [ERROR] IndexOutOfRangeException: Index was outside the bounds of the array.
InteractableObject.OnTriggerEnter (UnityEngine.Collider collider) (at Assets/Scripts/InteractableObject.cs:24)

2019-01-26 16:58:41.3965 [DEBUG] Play mode: False
2019-01-26 17:05:53.9186 [DEBUG] Scene Fusion version 1.8.2-0
2019-01-26 17:05:54.0985 [DEBUG] Play mode: True, sync in play mode: False
2019-01-26 17:05:55.2568 [ERROR] NullReferenceException: Object reference not set to an instance of an object
InteractableObject.OnTriggerEnter (UnityEngine.Collider collider) (at Assets/Scripts/InteractableObject.cs:24)

2019-01-26 17:05:58.5549 [ERROR] NullReferenceException: Object reference not set to an instance of an object
InteractableObject.OnTriggerExit (UnityEngine.Collider collider) (at Assets/Scripts/InteractableObject.cs:39)

2019-01-26 17:06:00.7037 [ERROR] NullReferenceException: Object reference not set to an instance of an object
InteractableObject.OnTriggerEnter (UnityEngine.Collider collider) (at Assets/Scripts/InteractableObject.cs:24)

2019-01-26 17:06:02.8745 [ERROR] NullReferenceException: Object reference not set to an instance of an object
InteractableObject.OnTriggerExit (UnityEngine.Collider collider) (at Assets/Scripts/InteractableObject.cs:39)

2019-01-26 17:06:07.9827 [ERROR] NullReferenceException: Object reference not set to an instance of an object
InteractableObject.OnTriggerEnter (UnityEngine.Collider collider) (at Assets/Scripts/InteractableObject.cs:24)

2019-01-26 17:06:12.4170 [DEBUG] Play mode: False
2019-01-26 17:09:19.8545 [DEBUG] Scene Fusion version 1.8.2-0
2019-01-26 17:09:33.0286 [ERROR] NullReferenceException: Object reference not set to an instance of an object
UnityEditor.GameObjectInspector.ClearPreviewCache () (at C:/buildslave/unity/build/Editor/Mono/Inspector/GameObjectInspector.cs:195)
UnityEditor.GameObjectInspector.OnDisable () (at C:/buildslave/unity/build/Editor/Mono/Inspector/GameObjectInspector.cs:189)
UnityEngine.Object:DestroyImmediate(Object)
KS.SceneFusion.Client.Editor.OverrideEditor:OnDisable()
KS.SceneFusion.Client.Editor.GameObjectEditor:OnDisable()

2019-01-26 17:09:36.5629 [DEBUG] Scene Fusion version 1.8.2-0
2019-01-26 17:09:36.7188 [DEBUG] Play mode: True, sync in play mode: False
2019-01-26 17:09:46.1176 [DEBUG] Play mode: False
2019-01-26 17:10:16.6664 [DEBUG] Scene Fusion version 1.8.2-0
2019-01-26 17:10:16.8324 [DEBUG] Play mode: True, sync in play mode: False
2019-01-26 17:10:27.0767 [DEBUG] Play mode: False
2019-01-26 17:11:14.4880 [DEBUG] Scene Fusion version 1.8.2-0
2019-01-26 17:11:14.6608 [DEBUG] Play mode: True, sync in play mode: False
2019-01-26 17:14:55.5810 [ERROR] NullReferenceException: Object reference not set to an instance of an object
UnityEditor.GameObjectInspector.ClearPreviewCache () (at C:/buildslave/unity/build/Editor/Mono/Inspector/GameObjectInspector.cs:195)
UnityEditor.GameObjectInspector.OnDisable () (at C:/buildslave/unity/build/Editor/Mono/Inspector/GameObjectInspector.cs:189)
UnityEngine.Object:DestroyImmediate(Object)
KS.SceneFusion.Client.Editor.OverrideEditor:OnDisable()
KS.SceneFusion.Client.Editor.GameObjectEditor:OnDisable()

2019-01-26 17:14:58.4605 [DEBUG] Scene Fusion version 1.8.2-0
2019-01-26 17:17:04.5527 [ERROR] NullReferenceException: Object reference not set to an instance of an object
UnityEditor.GameObjectInspector.ClearPreviewCache () (at C:/buildslave/unity/build/Editor/Mono/Inspector/GameObjectInspector.cs:195)
UnityEditor.GameObjectInspector.OnDisable () (at C:/buildslave/unity/build/Editor/Mono/Inspector/GameObjectInspector.cs:189)
UnityEngine.Object:DestroyImmediate(Object)
KS.SceneFusion.Client.Editor.OverrideEditor:OnDisable()
KS.SceneFusion.Client.Editor.GameObjectEditor:OnDisable()

2019-01-26 17:17:07.0932 [DEBUG] Scene Fusion version 1.8.2-0
2019-01-26 17:17:33.9507 [ERROR] NullReferenceException: Object reference not set to an instance of an object
UnityEditor.GameObjectInspector.ClearPreviewCache () (at C:/buildslave/unity/build/Editor/Mono/Inspector/GameObjectInspector.cs:195)
UnityEditor.GameObjectInspector.OnDisable () (at C:/buildslave/unity/build/Editor/Mono/Inspector/GameObjectInspector.cs:189)
UnityEngine.Object:DestroyImmediate(Object)
KS.SceneFusion.Client.Editor.OverrideEditor:OnDisable()
KS.SceneFusion.Client.Editor.GameObjectEditor:OnDisable()

2019-01-26 17:17:36.4633 [DEBUG] Scene Fusion version 1.8.2-0
2019-01-26 17:19:33.2087 [DEBUG] Play mode: False
2019-01-26 17:20:03.8483 [DEBUG] Scene Fusion version 1.8.2-0
2019-01-26 17:20:04.0142 [DEBUG] Play mode: True, sync in play mode: False
2019-01-26 17:21:33.3215 [DEBUG] Play mode: False
2019-01-26 17:22:23.3703 [DEBUG] Scene Fusion version 1.8.2-0
2019-01-26 17:22:23.5322 [DEBUG] Play mode: True, sync in play mode: False
2019-01-26 17:22:41.3076 [DEBUG] Play mode: False
2019-01-26 17:22:52.2057 [DEBUG] Scene Fusion version 1.8.2-0
2019-01-26 17:22:52.3736 [DEBUG] Play mode: True, sync in play mode: False
2019-01-26 17:23:12.4480 [DEBUG] Play mode: False
2019-01-26 17:23:19.5052 [DEBUG] Scene Fusion version 1.8.2-0
2019-01-26 17:23:19.6621 [DEBUG] Play mode: True, sync in play mode: False
2019-01-26 17:23:39.1035 [DEBUG] Play mode: False
2019-01-26 17:39:43.6978 [DEBUG] Scene Fusion version 1.8.2-0
2019-01-26 17:39:43.8917 [DEBUG] Play mode: True, sync in play mode: False
2019-01-26 17:40:01.0187 [DEBUG] Play mode: False
2019-01-26 17:40:16.1412 [DEBUG] Scene Fusion version 1.8.2-0
2019-01-26 17:40:16.3205 [DEBUG] Play mode: True, sync in play mode: False
2019-01-26 17:40:24.6180 [DEBUG] Play mode: False
2019-01-26 17:41:21.6999 [DEBUG] Scene Fusion version 1.8.2-0
2019-01-26 17:41:21.8638 [DEBUG] Play mode: True, sync in play mode: False
2019-01-26 17:41:29.9722 [DEBUG] Play mode: False
2019-01-26 17:42:41.3783 [DEBUG] Scene Fusion version 1.8.2-0
2019-01-26 17:42:41.5632 [DEBUG] Play mode: True, sync in play mode: False
2019-01-26 17:43:01.4018 [DEBUG] Play mode: False
2019-01-26 17:43:22.7310 [DEBUG] Scene Fusion version 1.8.2-0
2019-01-26 17:43:22.8979 [DEBUG] Play mode: True, sync in play mode: False
2019-01-26 17:43:36.5981 [DEBUG] Play mode: False
2019-01-26 17:47:52.1624 [DEBUG] Scene Fusion version 1.8.2-0
2019-01-26 17:48:03.4306 [DEBUG] Scene Fusion version 1.8.2-0
2019-01-26 17:48:03.6355 [DEBUG] Play mode: True, sync in play mode: False
2019-01-26 17:48:04.8338 [ERROR] UnassignedReferenceException: The variable textAnimator of InteractableObject has not been assigned.
You probably need to assign the textAnimator variable of the InteractableObject script in the inspector.
UnityEngine.Animator.SetBool (System.String name, System.Boolean value) (at C:/buildslave/unity/build/Runtime/Animation/ScriptBindings/Animator.bindings.cs:343)
InteractableObject.OnTriggerEnter (UnityEngine.Collider collider) (at Assets/Scripts/InteractableObject.cs:25)

2019-01-26 17:48:08.1179 [ERROR] UnassignedReferenceException: The variable textAnimator of InteractableObject has not been assigned.
You probably need to assign the textAnimator variable of the InteractableObject script in the inspector.
UnityEngine.Animator.SetBool (System.String name, System.Boolean value) (at C:/buildslave/unity/build/Runtime/Animation/ScriptBindings/Animator.bindings.cs:343)
InteractableObject.OnTriggerExit (UnityEngine.Collider collider) (at Assets/Scripts/InteractableObject.cs:40)

2019-01-26 17:48:09.9678 [ERROR] UnassignedReferenceException: The variable textAnimator of InteractableObject has not been assigned.
You probably need to assign the textAnimator variable of the InteractableObject script in the inspector.
UnityEngine.Animator.SetBool (System.String name, System.Boolean value) (at C:/buildslave/unity/build/Runtime/Animation/ScriptBindings/Animator.bindings.cs:343)
InteractableObject.OnTriggerEnter (UnityEngine.Collider collider) (at Assets/Scripts/InteractableObject.cs:25)

2019-01-26 17:48:12.1056 [DEBUG] Play mode: False
2019-01-26 17:48:15.7535 [DEBUG] Scene Fusion version 1.8.2-0
2019-01-26 17:48:15.9164 [DEBUG] Play mode: True, sync in play mode: False
2019-01-26 17:48:17.3326 [ERROR] UnassignedReferenceException: The variable textAnimator of InteractableObject has not been assigned.
You probably need to assign the textAnimator variable of the InteractableObject script in the inspector.
UnityEngine.Animator.SetBool (System.String name, System.Boolean value) (at C:/buildslave/unity/build/Runtime/Animation/ScriptBindings/Animator.bindings.cs:343)
InteractableObject.OnTriggerEnter (UnityEngine.Collider collider) (at Assets/Scripts/InteractableObject.cs:25)

2019-01-26 17:48:20.6817 [DEBUG] Play mode: False
2019-01-26 17:48:30.8763 [DEBUG] Scene Fusion version 1.8.2-0
2019-01-26 17:48:31.0462 [DEBUG] Play mode: True, sync in play mode: False
2019-01-26 17:48:32.2235 [ERROR] UnassignedReferenceException: The variable textAnimator of InteractableObject has not been assigned.
You probably need to assign the textAnimator variable of the InteractableObject script in the inspector.
UnityEngine.Animator.SetBool (System.String name, System.Boolean value) (at C:/buildslave/unity/build/Runtime/Animation/ScriptBindings/Animator.bindings.cs:343)
InteractableObject.OnTriggerEnter (UnityEngine.Collider collider) (at Assets/Scripts/InteractableObject.cs:25)

2019-01-26 17:48:39.8133 [ERROR] UnassignedReferenceException: The variable textAnimator of InteractableObject has not been assigned.
You probably need to assign the textAnimator variable of the InteractableObject script in the inspector.
UnityEngine.Animator.SetBool (System.String name, System.Boolean value) (at C:/buildslave/unity/build/Runtime/Animation/ScriptBindings/Animator.bindings.cs:343)
InteractableObject.OnTriggerExit (UnityEngine.Collider collider) (at Assets/Scripts/InteractableObject.cs:40)

2019-01-26 17:48:41.4483 [DEBUG] Play mode: False
2019-01-26 17:49:14.3785 [DEBUG] Scene Fusion version 1.8.2-0
2019-01-26 17:49:14.5465 [DEBUG] Play mode: True, sync in play mode: False
2019-01-26 17:49:34.1049 [DEBUG] Play mode: False
2019-01-26 17:50:53.4673 [DEBUG] Scene Fusion version 1.8.2-0
2019-01-26 17:50:53.6552 [DEBUG] Play mode: True, sync in play mode: False
2019-01-26 17:51:04.2243 [DEBUG] Play mode: False
2019-01-26 17:51:14.5230 [DEBUG] Scene Fusion version 1.8.2-0
2019-01-26 17:51:14.6849 [DEBUG] Play mode: True, sync in play mode: False
2019-01-26 17:51:38.0711 [DEBUG] Play mode: False
2019-01-26 17:52:48.3486 [DEBUG] Scene Fusion version 1.8.2-0
2019-01-26 17:52:48.5165 [DEBUG] Play mode: True, sync in play mode: False
2019-01-26 17:52:59.9758 [DEBUG] Play mode: False
2019-01-26 17:53:11.5324 [DEBUG] Scene Fusion version 1.8.2-0
2019-01-26 17:53:11.7143 [DEBUG] Play mode: True, sync in play mode: False
2019-01-26 17:53:18.8822 [DEBUG] Play mode: False
2019-01-26 17:53:34.4789 [DEBUG] Scene Fusion version 1.8.2-0
2019-01-26 17:53:34.6598 [DEBUG] Play mode: True, sync in play mode: False
2019-01-26 17:53:40.3071 [DEBUG] Play mode: False
2019-01-26 17:54:00.3872 [DEBUG] Scene Fusion version 1.8.2-0
2019-01-26 17:54:00.5561 [DEBUG] Play mode: True, sync in play mode: False
2019-01-26 17:54:05.8495 [DEBUG] Play mode: False
2019-01-26 17:54:25.9260 [DEBUG] Scene Fusion version 1.8.2-0
2019-01-26 17:54:26.0899 [DEBUG] Play mode: True, sync in play mode: False
2019-01-26 17:54:28.2127 [DEBUG] Play mode: False
2019-01-26 17:54:35.8671 [DEBUG] Scene Fusion version 1.8.2-0
2019-01-26 17:54:36.0180 [DEBUG] Play mode: True, sync in play mode: False
2019-01-26 17:55:01.3087 [DEBUG] Play mode: False
2019-01-26 17:55:05.8875 [DEBUG] Scene Fusion version 1.8.2-0
2019-01-26 17:55:06.0384 [DEBUG] Play mode: True, sync in play mode: False
2019-01-26 17:55:40.5326 [DEBUG] Play mode: False
2019-01-26 17:58:14.0863 [DEBUG] Scene Fusion version 1.8.2-0
2019-01-26 17:58:14.2652 [DEBUG] Play mode: True, sync in play mode: False
2019-01-26 17:58:28.5227 [DEBUG] Play mode: False
2019-01-26 17:58:34.1906 [DEBUG] Scene Fusion version 1.8.2-0
2019-01-26 17:58:34.3595 [DEBUG] Play mode: True, sync in play mode: False
2019-01-26 17:58:54.3652 [DEBUG] Play mode: False
2019-01-26 18:07:51.7690 [DEBUG] Scene Fusion version 1.8.2-0
2019-01-26 18:07:51.9319 [DEBUG] Play mode: True, sync in play mode: False
2019-01-26 18:07:57.8676 [DEBUG] Play mode: False
2019-01-26 18:09:20.8686 [DEBUG] Scene Fusion version 1.8.2-0
2019-01-26 18:09:21.0325 [DEBUG] Play mode: True, sync in play mode: False
2019-01-26 18:09:29.4747 [DEBUG] Play mode: False
2019-01-26 18:10:00.8236 [DEBUG] Scene Fusion version 1.8.2-0
2019-01-26 18:10:01.0015 [DEBUG] Play mode: True, sync in play mode: False
2019-01-26 18:10:17.4989 [DEBUG] Play mode: False
2019-01-26 18:10:26.8069 [DEBUG] Scene Fusion version 1.8.2-0
2019-01-26 18:10:26.9628 [DEBUG] Play mode: True, sync in play mode: False
2019-01-26 18:11:54.4867 [DEBUG] Play mode: False
2019-01-26 18:12:12.2955 [DEBUG] Scene Fusion version 1.8.2-0
2019-01-26 18:12:12.4435 [DEBUG] Play mode: True, sync in play mode: False
2019-01-26 18:12:13.3765 [DEBUG] Play mode: False
2019-01-26 18:12:20.4124 [DEBUG] Scene Fusion version 1.8.2-0
2019-01-26 18:12:20.5654 [DEBUG] Play mode: True, sync in play mode: False
2019-01-26 18:12:29.5954 [DEBUG] Play mode: False
2019-01-26 18:12:40.5370 [DEBUG] Scene Fusion version 1.8.2-0
2019-01-26 18:12:40.7099 [DEBUG] Play mode: True, sync in play mode: False
2019-01-26 18:13:25.8292 [DEBUG] Play mode: False
2019-01-26 18:13:53.1495 [DEBUG] Scene Fusion version 1.8.2-0
2019-01-26 18:13:53.3583 [DEBUG] Play mode: True, sync in play mode: False
2019-01-26 18:13:57.6134 [DEBUG] Play mode: False
2019-01-26 18:14:05.0192 [DEBUG] Scene Fusion version 1.8.2-0
2019-01-26 18:14:05.1781 [DEBUG] Play mode: True, sync in play mode: False
2019-01-26 18:17:20.6725 [DEBUG] Play mode: False
2019-01-26 18:17:24.7831 [DEBUG] Scene Fusion version 1.8.2-0
2019-01-26 18:17:24.9390 [DEBUG] Play mode: True, sync in play mode: False
2019-01-26 18:17:31.3444 [DEBUG] Play mode: False
2019-01-26 18:17:47.8000 [DEBUG] Scene Fusion version 1.8.2-0
2019-01-26 18:17:47.9709 [DEBUG] Play mode: True, sync in play mode: False
2019-01-26 18:18:56.2552 [DEBUG] Play mode: False
2019-01-26 18:25:36.1306 [DEBUG] Scene Fusion version 1.8.2-0
2019-01-26 18:25:36.3285 [DEBUG] Play mode: True, sync in play mode: False
2019-01-26 18:25:43.9517 [DEBUG] Play mode: False
2019-01-26 18:27:05.7696 [DEBUG] Scene Fusion version 1.8.2-0
2019-01-26 18:27:05.9365 [DEBUG] Play mode: True, sync in play mode: False
2019-01-26 18:27:58.5180 [DEBUG] Play mode: False
2019-01-26 18:30:33.3163 [DEBUG] Scene Fusion version 1.8.2-0
2019-01-26 18:30:33.4772 [DEBUG] Play mode: True, sync in play mode: False
2019-01-26 18:30:41.0842 [DEBUG] Play mode: False
2019-01-26 18:30:51.7958 [DEBUG] Scene Fusion version 1.8.2-0
2019-01-26 18:30:51.9667 [DEBUG] Play mode: True, sync in play mode: False
2019-01-26 18:31:01.8683 [DEBUG] Play mode: False
2019-01-26 18:31:16.7566 [DEBUG] Scene Fusion version 1.8.2-0
2019-01-26 18:31:16.9245 [DEBUG] Play mode: True, sync in play mode: False
2019-01-26 18:31:57.6056 [DEBUG] Play mode: False
2019-01-26 18:33:57.7577 [DEBUG] Scene Fusion version 1.8.2-0
2019-01-26 18:33:57.9117 [DEBUG] Play mode: True, sync in play mode: False
2019-01-26 18:34:21.2570 [DEBUG] Play mode: False
2019-01-26 18:46:04.4493 [DEBUG] Scene Fusion version 1.8.2-0
2019-01-26 19:13:34.4295 [DEBUG] Scene Fusion version 1.8.2-0
2019-01-26 19:16:32.7424 [DEBUG] Scene Fusion version 1.8.2-0
2019-01-26 19:16:32.8923 [DEBUG] Play mode: True, sync in play mode: False
2019-01-26 19:16:35.7607 [DEBUG] Play mode: False
2019-01-26 19:17:52.8927 [DEBUG] Scene Fusion version 1.8.2-0
2019-01-26 19:18:50.5051 [DEBUG] Scene Fusion version 1.8.2-0
2019-01-26 19:18:50.6650 [DEBUG] Play mode: True, sync in play mode: False
2019-01-26 19:19:04.3229 [DEBUG] Play mode: False
2019-01-26 19:34:45.8213 [DEBUG] Scene Fusion version 1.8.2-0
2019-01-26 19:34:46.0162 [DEBUG] Play mode: True, sync in play mode: False
2019-01-26 19:34:49.4038 [DEBUG] Play mode: False
2019-01-26 19:39:13.6403 [DEBUG] Scene Fusion version 1.8.2-0
2019-01-26 19:39:13.8522 [DEBUG] Play mode: True, sync in play mode: False
2019-01-26 19:39:17.1613 [DEBUG] Play mode: False
2019-01-26 19:39:52.8872 [DEBUG] Scene Fusion version 1.8.2-0
2019-01-26 19:39:53.0900 [DEBUG] Play mode: True, sync in play mode: False
2019-01-26 19:39:56.2842 [DEBUG] Play mode: False
2019-01-26 19:40:10.7851 [DEBUG] Scene Fusion version 1.8.2-0
2019-01-26 19:40:10.9510 [DEBUG] Play mode: True, sync in play mode: False
2019-01-26 19:40:23.8699 [DEBUG] Play mode: False
2019-01-26 19:41:17.0310 [DEBUG] Scene Fusion version 1.8.2-0
2019-01-26 19:41:17.1899 [DEBUG] Play mode: True, sync in play mode: False
2019-01-26 19:41:24.2356 [DEBUG] Play mode: False
2019-01-26 19:46:12.2135 [DEBUG] Scene Fusion version 1.8.2-0
2019-01-26 19:46:12.4704 [DEBUG] Play mode: True, sync in play mode: False
2019-01-26 19:47:03.4112 [DEBUG] Play mode: False
2019-01-26 19:51:03.8073 [DEBUG] Scene Fusion version 1.8.2-0
2019-01-26 19:51:03.9762 [DEBUG] Play mode: True, sync in play mode: False
2019-01-26 19:51:49.5104 [DEBUG] Play mode: False
2019-01-26 19:52:13.5042 [DEBUG] Scene Fusion version 1.8.2-0
2019-01-26 19:52:13.6661 [DEBUG] Play mode: True, sync in play mode: False
2019-01-26 19:52:20.4631 [DEBUG] Play mode: False
2019-01-26 19:53:56.9482 [DEBUG] Scene Fusion version 1.8.2-0
2019-01-26 19:53:57.1271 [DEBUG] Play mode: True, sync in play mode: False
2019-01-26 19:54:14.9429 [DEBUG] Play mode: False
2019-01-26 19:54:34.6939 [DEBUG] Scene Fusion version 1.8.2-0
2019-01-26 19:54:34.8718 [DEBUG] Play mode: True, sync in play mode: False
2019-01-26 19:55:49.6901 [DEBUG] Play mode: False
2019-01-26 19:57:33.0035 [DEBUG] Scene Fusion version 1.8.2-0
2019-01-26 19:57:33.1764 [DEBUG] Play mode: True, sync in play mode: False
2019-01-26 20:10:49.0516 [DEBUG] Play mode: False
2019-01-26 20:10:53.9408 [DEBUG] Scene Fusion version 1.8.2-0
2019-01-26 20:10:54.1227 [DEBUG] Play mode: True, sync in play mode: False
2019-01-26 20:10:58.5330 [DEBUG] Play mode: False
2019-01-26 20:24:04.0052 [DEBUG] Scene Fusion version 1.8.2-0
2019-01-26 20:24:04.1696 [DEBUG] Play mode: True, sync in play mode: False
2019-01-26 20:25:02.0898 [DEBUG] Play mode: False
2019-01-26 20:27:47.9567 [DEBUG] Scene Fusion version 1.8.2-0
2019-01-26 20:27:48.1526 [DEBUG] Play mode: True, sync in play mode: False
2019-01-26 20:28:02.0066 [DEBUG] Play mode: False
2019-01-26 20:35:57.9556 [DEBUG] Scene Fusion version 1.8.2-0
2019-01-26 20:35:58.1215 [DEBUG] Play mode: True, sync in play mode: False
2019-01-26 20:35:59.1396 [DEBUG] Play mode: False
2019-01-26 20:37:04.7841 [DEBUG] Scene Fusion version 1.8.2-0
2019-01-26 20:37:04.9531 [DEBUG] Play mode: True, sync in play mode: False
2019-01-26 20:37:13.5731 [DEBUG] Play mode: False
2019-01-26 20:37:47.0471 [DEBUG] Scene Fusion version 1.8.2-0
2019-01-26 20:37:47.2080 [DEBUG] Play mode: True, sync in play mode: False
2019-01-26 20:37:52.3560 [DEBUG] Play mode: False
2019-01-26 20:37:59.5869 [DEBUG] Scene Fusion version 1.8.2-0
2019-01-26 20:37:59.7658 [DEBUG] Play mode: True, sync in play mode: False
2019-01-26 20:38:03.9304 [DEBUG] Play mode: False
2019-01-26 20:38:25.5334 [DEBUG] Scene Fusion version 1.8.2-0
2019-01-26 20:38:25.6983 [DEBUG] Play mode: True, sync in play mode: False
2019-01-26 20:38:55.5015 [DEBUG] Play mode: False
2019-01-26 20:38:58.7558 [DEBUG] Scene Fusion version 1.8.2-0
2019-01-26 20:38:58.9187 [DEBUG] Play mode: True, sync in play mode: False
2019-01-26 20:39:24.9624 [DEBUG] Play mode: False
2019-01-26 20:41:17.3517 [DEBUG] Scene Fusion version 1.8.2-0
2019-01-26 20:41:17.5116 [DEBUG] Play mode: True, sync in play mode: False
2019-01-26 20:41:21.6836 [DEBUG] Play mode: False
2019-01-26 20:41:45.4079 [DEBUG] Scene Fusion version 1.8.2-0
2019-01-26 20:41:45.5918 [DEBUG] Play mode: True, sync in play mode: False
2019-01-26 20:42:02.3115 [DEBUG] Play mode: False
2019-01-26 20:42:16.7657 [DEBUG] Scene Fusion version 1.8.2-0
2019-01-26 20:42:16.9346 [DEBUG] Play mode: True, sync in play mode: False
2019-01-26 20:42:20.6899 [DEBUG] Play mode: False
2019-01-26 20:42:48.8746 [DEBUG] Scene Fusion version 1.8.2-0
2019-01-26 20:42:49.0386 [DEBUG] Play mode: True, sync in play mode: False
2019-01-26 20:42:57.7549 [DEBUG] Play mode: False
2019-01-26 20:43:24.6185 [DEBUG] Scene Fusion version 1.8.2-0
2019-01-26 20:43:24.7834 [DEBUG] Play mode: True, sync in play mode: False
2019-01-26 20:43:49.4449 [DEBUG] Play mode: False
2019-01-26 20:44:05.1276 [DEBUG] Scene Fusion version 1.8.2-0
2019-01-26 20:44:05.3005 [DEBUG] Play mode: True, sync in play mode: False
2019-01-26 20:44:14.6991 [DEBUG] Play mode: False
2019-01-26 20:45:10.7118 [DEBUG] Scene Fusion version 1.8.2-0
2019-01-26 20:45:10.8607 [DEBUG] Play mode: True, sync in play mode: False
2019-01-26 20:45:24.5460 [DEBUG] Play mode: False
2019-01-26 20:49:09.0957 [DEBUG] Scene Fusion version 1.8.2-0
2019-01-26 20:49:09.2577 [DEBUG] Play mode: True, sync in play mode: False
2019-01-26 20:49:20.7201 [DEBUG] Play mode: False
2019-01-26 20:49:30.7889 [DEBUG] Scene Fusion version 1.8.2-0
2019-01-26 20:49:52.8758 [DEBUG] Scene Fusion version 1.8.2-0
2019-01-26 20:49:53.0397 [DEBUG] Play mode: True, sync in play mode: False
2019-01-26 20:49:57.5442 [DEBUG] Play mode: False
2019-01-26 20:50:44.5040 [DEBUG] Scene Fusion version 1.8.2-0
2019-01-26 20:50:44.6679 [DEBUG] Play mode: True, sync in play mode: False
2019-01-26 20:50:57.1068 [DEBUG] Play mode: False
2019-01-26 20:51:36.7790 [DEBUG] Scene Fusion version 1.8.2-0
2019-01-26 20:51:36.9279 [DEBUG] Play mode: True, sync in play mode: False
2019-01-26 20:51:43.5662 [DEBUG] Play mode: False
2019-01-26 20:56:36.4144 [DEBUG] Scene Fusion version 1.8.2-0
2019-01-26 20:56:36.5833 [DEBUG] Play mode: True, sync in play mode: False
2019-01-26 20:56:45.5767 [DEBUG] Play mode: False
2019-01-26 20:56:58.1723 [DEBUG] Scene Fusion version 1.8.2-0
2019-01-26 20:56:58.3502 [DEBUG] Play mode: True, sync in play mode: False
2019-01-26 20:57:03.9664 [DEBUG] Play mode: False
2019-01-26 20:57:18.9097 [DEBUG] Scene Fusion version 1.8.2-0
2019-01-26 20:57:19.0831 [DEBUG] Play mode: True, sync in play mode: False
2019-01-26 20:57:32.4955 [DEBUG] Play mode: False
2019-01-26 21:03:39.5204 [DEBUG] Scene Fusion version 1.8.2-0
2019-01-26 21:03:39.6883 [DEBUG] Play mode: True, sync in play mode: False
2019-01-26 21:04:26.4419 [DEBUG] Play mode: False
2019-01-26 21:05:04.7325 [DEBUG] Scene Fusion version 1.8.2-0
2019-01-26 21:05:04.9038 [DEBUG] Play mode: True, sync in play mode: False
2019-01-26 21:05:38.9187 [DEBUG] Play mode: False
2019-01-26 21:05:50.6581 [DEBUG] Scene Fusion version 1.8.2-0
2019-01-26 21:05:50.8043 [DEBUG] Play mode: True, sync in play mode: False
2019-01-26 21:07:05.7350 [DEBUG] Play mode: False
2019-01-26 21:07:25.1312 [DEBUG] Scene Fusion version 1.8.2-0
2019-01-26 21:07:25.2541 [DEBUG] Play mode: True, sync in play mode: False
2019-01-26 21:07:36.3345 [DEBUG] Play mode: False
2019-01-26 21:10:06.0079 [DEBUG] Scene Fusion version 1.8.2-0
2019-01-26 21:10:06.1458 [DEBUG] Play mode: True, sync in play mode: False
2019-01-26 21:10:44.6769 [DEBUG] Play mode: False
2019-01-26 21:28:38.0677 [DEBUG] Scene Fusion version 1.8.2-0
2019-01-26 21:28:38.1967 [DEBUG] Play mode: True, sync in play mode: False
2019-01-26 21:29:50.9841 [DEBUG] Play mode: False
2019-01-26 21:51:10.7674 [DEBUG] Scene Fusion version 1.8.2-0
2019-01-26 21:51:10.9423 [DEBUG] Play mode: True, sync in play mode: False
2019-01-26 21:51:17.7655 [DEBUG] Play mode: False
2019-01-26 21:53:00.1178 [DEBUG] Scene Fusion version 1.8.2-0
2019-01-26 21:53:00.3107 [DEBUG] Play mode: True, sync in play mode: False
2019-01-26 21:53:32.8118 [DEBUG] Play mode: False
2019-01-26 21:55:06.0491 [DEBUG] Scene Fusion version 1.8.2-0
2019-01-26 21:55:06.2400 [DEBUG] Play mode: True, sync in play mode: False
2019-01-26 21:55:26.6068 [DEBUG] Play mode: False
2019-01-26 21:55:42.5779 [DEBUG] Scene Fusion version 1.8.2-0
2019-01-26 21:55:42.7678 [DEBUG] Play mode: True, sync in play mode: False
2019-01-26 21:55:58.1351 [DEBUG] Play mode: False
2019-01-26 21:56:19.0734 [DEBUG] Scene Fusion version 1.8.2-0
2019-01-26 21:56:19.2615 [DEBUG] Play mode: True, sync in play mode: False
2019-01-26 21:56:26.5862 [DEBUG] Play mode: False
2019-01-26 21:56:39.7552 [DEBUG] Scene Fusion version 1.8.2-0
2019-01-26 21:56:39.9291 [DEBUG] Play mode: True, sync in play mode: False
2019-01-26 21:56:59.6637 [DEBUG] Play mode: False
2019-01-26 21:58:11.7897 [DEBUG] Scene Fusion version 1.8.2-0
2019-01-26 21:58:11.9566 [DEBUG] Play mode: True, sync in play mode: False
2019-01-26 21:58:21.0793 [DEBUG] Play mode: False
2019-01-26 21:59:13.0744 [DEBUG] Scene Fusion version 1.8.2-0
2019-01-26 21:59:13.2563 [DEBUG] Play mode: True, sync in play mode: False
2019-01-26 21:59:42.5435 [DEBUG] Play mode: False
2019-01-26 22:00:22.8321 [DEBUG] Scene Fusion version 1.8.2-0
2019-01-26 22:00:23.0110 [DEBUG] Play mode: True, sync in play mode: False
2019-01-26 22:00:43.4623 [DEBUG] Play mode: False
2019-01-26 22:01:08.9223 [DEBUG] Scene Fusion version 1.8.2-0
2019-01-26 22:01:09.1222 [DEBUG] Play mode: True, sync in play mode: False
2019-01-26 22:01:42.2838 [DEBUG] Play mode: False
2019-01-26 22:02:25.1707 [DEBUG] Scene Fusion version 1.8.2-0
2019-01-26 22:02:25.3685 [DEBUG] Play mode: True, sync in play mode: False
2019-01-26 22:02:29.0743 [DEBUG] Play mode: False
2019-01-26 22:02:39.8108 [DEBUG] Scene Fusion version 1.8.2-0
2019-01-26 22:02:39.9999 [DEBUG] Play mode: True, sync in play mode: False
2019-01-26 22:03:33.5101 [DEBUG] Play mode: False
2019-01-26 22:03:41.3093 [DEBUG] Scene Fusion version 1.8.2-0
2019-01-26 22:03:41.4982 [DEBUG] Play mode: True, sync in play mode: False
2019-01-26 22:04:59.8328 [DEBUG] Play mode: False
2019-01-26 22:05:47.2006 [DEBUG] Scene Fusion version 1.8.2-0
2019-01-26 22:05:47.3465 [DEBUG] Play mode: True, sync in play mode: False
2019-01-26 22:06:01.7395 [DEBUG] Play mode: False
2019-01-26 22:41:34.2874 [DEBUG] Scene Fusion version 1.8.2-0
2019-01-26 22:41:34.4283 [DEBUG] Play mode: True, sync in play mode: False
2019-01-26 22:41:52.9516 [DEBUG] Play mode: False
2019-01-26 22:53:20.1933 [DEBUG] Scene Fusion version 1.8.2-0
2019-01-26 22:53:20.3632 [DEBUG] Play mode: True, sync in play mode: False
2019-01-26 22:53:35.2357 [DEBUG] Play mode: False
2019-01-26 22:53:42.5169 [DEBUG] Scene Fusion version 1.8.2-0
2019-01-26 22:53:42.7228 [DEBUG] Play mode: True, sync in play mode: False
2019-01-26 22:53:50.7552 [DEBUG] Play mode: False
2019-01-26 22:53:58.1995 [DEBUG] Scene Fusion version 1.8.2-0
2019-01-26 22:53:58.3914 [DEBUG] Play mode: True, sync in play mode: False
2019-01-26 22:54:04.8479 [DEBUG] Play mode: False
2019-01-26 22:54:09.3783 [DEBUG] Scene Fusion version 1.8.2-0
2019-01-26 22:54:09.5662 [DEBUG] Play mode: True, sync in play mode: False
2019-01-26 22:54:14.3786 [DEBUG] Play mode: False
2019-01-26 22:54:41.9095 [DEBUG] Scene Fusion version 1.8.2-0
2019-01-26 22:54:42.1064 [DEBUG] Play mode: True, sync in play mode: False
2019-01-26 22:54:58.9299 [DEBUG] Play mode: False
2019-01-26 22:55:07.8605 [DEBUG] Scene Fusion version 1.8.2-0
2019-01-26 22:55:08.0483 [DEBUG] Play mode: True, sync in play mode: False
2019-01-26 22:55:14.6775 [DEBUG] Play mode: False
2019-01-26 22:55:50.1047 [DEBUG] Scene Fusion version 1.8.2-0
2019-01-26 22:55:50.2916 [DEBUG] Play mode: True, sync in play mode: False
2019-01-26 22:55:55.3936 [DEBUG] Play mode: False
2019-01-26 22:56:08.7945 [DEBUG] Scene Fusion version 1.8.2-0
2019-01-26 22:56:09.0043 [DEBUG] Play mode: True, sync in play mode: False
2019-01-26 22:56:15.2635 [DEBUG] Play mode: False
2019-01-26 22:56:58.6581 [DEBUG] Scene Fusion version 1.8.2-0
2019-01-26 22:56:58.8442 [DEBUG] Play mode: True, sync in play mode: False
2019-01-26 22:57:07.0013 [DEBUG] Play mode: False
2019-01-26 22:57:20.0699 [DEBUG] Scene Fusion version 1.8.2-0
2019-01-26 22:57:20.2648 [DEBUG] Play mode: True, sync in play mode: False
2019-01-26 22:58:09.2064 [DEBUG] Play mode: False
2019-01-26 23:08:41.5942 [DEBUG] Scene Fusion version 1.8.2-0
2019-01-26 23:08:41.7452 [DEBUG] Play mode: True, sync in play mode: False
2019-01-26 23:08:50.4709 [DEBUG] Play mode: False
2019-01-26 23:09:43.2049 [DEBUG] Scene Fusion version 1.8.2-0
2019-01-26 23:09:43.3638 [DEBUG] Play mode: True, sync in play mode: False
2019-01-26 23:09:59.2100 [DEBUG] Play mode: False
2019-01-26 23:11:06.3333 [DEBUG] Scene Fusion version 1.8.2-0
2019-01-26 23:11:06.4632 [DEBUG] Play mode: True, sync in play mode: False
2019-01-26 23:11:12.0471 [DEBUG] Play mode: False
2019-01-26 23:11:29.3608 [DEBUG] Scene Fusion version 1.8.2-0
2019-01-26 23:11:29.5067 [DEBUG] Play mode: True, sync in play mode: False
2019-01-26 23:11:38.9466 [DEBUG] Play mode: False
2019-01-26 23:11:56.0158 [DEBUG] Scene Fusion version 1.8.2-0
2019-01-26 23:11:56.1837 [DEBUG] Play mode: True, sync in play mode: False
2019-01-26 23:11:59.5778 [DEBUG] Play mode: False
2019-01-26 23:12:41.7100 [DEBUG] Scene Fusion version 1.8.2-0
2019-01-26 23:12:50.3123 [ERROR] NullReferenceException: Object reference not set to an instance of an object
UnityEditor.GameObjectInspector.ClearPreviewCache () (at C:/buildslave/unity/build/Editor/Mono/Inspector/GameObjectInspector.cs:195)
UnityEditor.GameObjectInspector.OnDisable () (at C:/buildslave/unity/build/Editor/Mono/Inspector/GameObjectInspector.cs:189)
UnityEngine.Object:DestroyImmediate(Object)
KS.SceneFusion.Client.Editor.OverrideEditor:OnDisable()
KS.SceneFusion.Client.Editor.GameObjectEditor:OnDisable()

2019-01-26 23:12:53.1374 [DEBUG] Scene Fusion version 1.8.2-0
2019-01-26 23:13:10.1637 [DEBUG] Scene Fusion version 1.8.2-0
2019-01-26 23:13:10.3027 [DEBUG] Play mode: True, sync in play mode: False
2019-01-26 23:14:26.5512 [DEBUG] Play mode: False
2019-01-26 23:18:51.6150 [DEBUG] Scene Fusion version 1.8.2-0
2019-01-26 23:18:51.8249 [DEBUG] Play mode: True, sync in play mode: False
2019-01-26 23:19:01.1887 [DEBUG] Play mode: False
2019-01-26 23:19:13.2344 [DEBUG] Scene Fusion version 1.8.2-0
2019-01-26 23:19:13.4583 [DEBUG] Play mode: True, sync in play mode: False
2019-01-26 23:21:51.5867 [DEBUG] Play mode: False
2019-01-26 23:22:46.5205 [DEBUG] Scene Fusion version 1.8.2-0
2019-01-26 23:22:46.6647 [DEBUG] Play mode: True, sync in play mode: False
2019-01-26 23:22:55.4941 [DEBUG] Play mode: False
2019-01-26 23:24:19.1711 [DEBUG] Scene Fusion version 1.8.2-0
2019-01-26 23:24:19.3060 [DEBUG] Play mode: True, sync in play mode: False
2019-01-26 23:26:06.2323 [DEBUG] Play mode: False
2019-01-26 23:26:09.3276 [DEBUG] Scene Fusion version 1.8.2-0
2019-01-26 23:26:09.4795 [DEBUG] Play mode: True, sync in play mode: False
2019-01-26 23:28:26.9632 [DEBUG] Play mode: False
2019-01-26 23:29:30.7181 [DEBUG] Scene Fusion version 1.8.2-0
2019-01-26 23:29:30.8850 [DEBUG] Play mode: True, sync in play mode: False
2019-01-26 23:29:34.8367 [DEBUG] Play mode: False
2019-01-26 23:29:53.2095 [DEBUG] Scene Fusion version 1.8.2-0
2019-01-26 23:29:53.3755 [DEBUG] Play mode: True, sync in play mode: False
2019-01-26 23:30:00.1006 [DEBUG] Play mode: False
2019-01-26 23:32:18.9452 [DEBUG] Scene Fusion version 1.8.2-0
2019-01-26 23:32:19.1091 [DEBUG] Play mode: True, sync in play mode: False
2019-01-26 23:32:20.4114 [DEBUG] Play mode: False
2019-01-26 23:34:44.2088 [DEBUG] Scene Fusion version 1.8.2-0
2019-01-26 23:34:44.3648 [DEBUG] Play mode: True, sync in play mode: False
2019-01-26 23:35:47.1577 [DEBUG] Play mode: False
2019-01-26 23:54:43.9466 [DEBUG] Scene Fusion version 1.8.2-0
2019-01-26 23:57:18.6115 [DEBUG] Scene Fusion version 1.8.2-0
2019-01-26 23:57:18.7654 [DEBUG] Play mode: True, sync in play mode: False
2019-01-26 23:57:24.7150 [DEBUG] Play mode: False
2019-01-26 23:57:34.6663 [DEBUG] Scene Fusion version 1.8.2-0
2019-01-26 23:57:34.8153 [DEBUG] Play mode: True, sync in play mode: False
2019-01-26 23:57:49.4463 [DEBUG] Play mode: False
2019-01-26 23:58:22.1608 [DEBUG] Scene Fusion version 1.8.2-0
2019-01-26 23:58:22.3167 [DEBUG] Play mode: True, sync in play mode: False
2019-01-26 23:58:27.4698 [DEBUG] Play mode: False
